{
  "RSpec": {
    "coverage": {
      "/Users/Oli/Projects/week-9/bank_tech_test/spec/balance_spec.rb": [
        1,
        null,
        1,
        null,
        4,
        null,
        1,
        1,
        1,
        null,
        null,
        null,
        1,
        1,
        4,
        null,
        null,
        null,
        1,
        1,
        4,
        null,
        null,
        null
      ],
      "/Users/Oli/Projects/week-9/bank_tech_test/lib/balance.rb": [
        1,
        null,
        1,
        null,
        1,
        3,
        3,
        null,
        null,
        1,
        1,
        1,
        null,
        null,
        1,
        1,
        1,
        null,
        null,
        1,
        0,
        null,
        null
      ],
      "/Users/Oli/Projects/week-9/bank_tech_test/spec/bank_spec.rb": [
        1,
        null,
        1,
        null,
        3,
        3,
        null,
        1,
        1,
        1,
        null,
        null,
        null,
        1,
        1,
        1,
        null,
        null,
        null
      ],
      "/Users/Oli/Projects/week-9/bank_tech_test/lib/bank.rb": [
        1,
        null,
        1,
        2,
        null,
        null,
        1,
        1,
        null,
        null,
        1,
        1,
        null,
        null,
        1,
        0,
        null,
        null
      ],
      "/Users/Oli/Projects/week-9/bank_tech_test/spec/statememt_spec.rb": [
        1,
        null,
        1,
        null,
        6,
        null,
        1,
        1,
        1,
        null,
        null,
        null,
        1,
        1,
        4,
        null,
        null,
        null,
        1,
        1,
        4,
        null,
        null,
        null,
        1,
        1,
        2,
        null,
        null,
        1,
        1,
        1,
        1,
        2,
        null,
        null,
        null
      ],
      "/Users/Oli/Projects/week-9/bank_tech_test/lib/statement.rb": [
        1,
        null,
        1,
        null,
        1,
        8,
        null,
        null,
        1,
        3,
        null,
        null,
        null,
        null,
        null,
        null,
        null,
        1,
        3,
        null,
        null,
        null,
        null,
        null,
        null,
        null,
        1,
        2,
        6,
        2,
        null,
        null,
        1,
        null,
        1,
        2,
        null,
        null,
        null,
        null,
        null,
        null,
        null
      ]
    },
    "timestamp": 1529406409
  }
}
