{
  "RSpec": {
    "coverage": {
      "/Users/Oli/Projects/week-9/bank_tech_test/spec/balance_spec.rb": [
        1,
        null,
        1,
        null,
        3,
        null,
        1,
        1,
        1,
        null,
        null,
        null,
        1,
        1,
        4,
        null,
        null,
        null
      ],
      "/Users/Oli/Projects/week-9/bank_tech_test/lib/balance.rb": [
        1,
        null,
        1,
        null,
        1,
        2,
        null,
        null,
        1,
        1,
        null,
        null
      ],
      "/Users/Oli/Projects/week-9/bank_tech_test/spec/bank_spec.rb": [
        1,
        null,
        1,
        null,
        3,
        null,
        1,
        1,
        1,
        null,
        null,
        null,
        1,
        1,
        1,
        null,
        null,
        null
      ],
      "/Users/Oli/Projects/week-9/bank_tech_test/lib/bank.rb": [
        1,
        null,
        1,
        1,
        null,
        null,
        1,
        1,
        null,
        null
      ]
    },
    "timestamp": 1529331989
  }
}
